

Started GET "/audios" for 127.0.0.1 at 2014-09-08 15:56:29 -0700

ActiveRecord::NoDatabaseError (Unknown database 'samscraper_development'Run `$ bin/rake db:create db:migrate` to create your database):
  activerecord (4.1.0) lib/active_record/connection_adapters/mysql2_adapter.rb:23:in `rescue in mysql2_connection'
  activerecord (4.1.0) lib/active_record/connection_adapters/mysql2_adapter.rb:10:in `mysql2_connection'
  activerecord (4.1.0) lib/active_record/connection_adapters/abstract/connection_pool.rb:435:in `new_connection'
  activerecord (4.1.0) lib/active_record/connection_adapters/abstract/connection_pool.rb:445:in `checkout_new_connection'
  activerecord (4.1.0) lib/active_record/connection_adapters/abstract/connection_pool.rb:416:in `acquire_connection'
  activerecord (4.1.0) lib/active_record/connection_adapters/abstract/connection_pool.rb:351:in `block in checkout'
  /Users/schoi/.rvm/rubies/ruby-2.1.2/lib/ruby/2.1.0/monitor.rb:211:in `mon_synchronize'
  activerecord (4.1.0) lib/active_record/connection_adapters/abstract/connection_pool.rb:350:in `checkout'
  activerecord (4.1.0) lib/active_record/connection_adapters/abstract/connection_pool.rb:265:in `block in connection'
  /Users/schoi/.rvm/rubies/ruby-2.1.2/lib/ruby/2.1.0/monitor.rb:211:in `mon_synchronize'
  activerecord (4.1.0) lib/active_record/connection_adapters/abstract/connection_pool.rb:264:in `connection'
  activerecord (4.1.0) lib/active_record/connection_adapters/abstract/connection_pool.rb:541:in `retrieve_connection'
  activerecord (4.1.0) lib/active_record/connection_handling.rb:113:in `retrieve_connection'
  activerecord (4.1.0) lib/active_record/connection_handling.rb:87:in `connection'
  activerecord (4.1.0) lib/active_record/query_cache.rb:51:in `restore_query_cache_settings'
  activerecord (4.1.0) lib/active_record/query_cache.rb:43:in `rescue in call'
  activerecord (4.1.0) lib/active_record/query_cache.rb:32:in `call'
  activerecord (4.1.0) lib/active_record/connection_adapters/abstract/connection_pool.rb:621:in `call'
  activerecord (4.1.0) lib/active_record/migration.rb:380:in `call'
  actionpack (4.1.0) lib/action_dispatch/middleware/callbacks.rb:29:in `block in call'
  activesupport (4.1.0) lib/active_support/callbacks.rb:82:in `run_callbacks'
  actionpack (4.1.0) lib/action_dispatch/middleware/callbacks.rb:27:in `call'
  actionpack (4.1.0) lib/action_dispatch/middleware/reloader.rb:73:in `call'
  actionpack (4.1.0) lib/action_dispatch/middleware/remote_ip.rb:76:in `call'
  actionpack (4.1.0) lib/action_dispatch/middleware/debug_exceptions.rb:17:in `call'
  actionpack (4.1.0) lib/action_dispatch/middleware/show_exceptions.rb:30:in `call'
  railties (4.1.0) lib/rails/rack/logger.rb:38:in `call_app'
  railties (4.1.0) lib/rails/rack/logger.rb:20:in `block in call'
  activesupport (4.1.0) lib/active_support/tagged_logging.rb:68:in `block in tagged'
  activesupport (4.1.0) lib/active_support/tagged_logging.rb:26:in `tagged'
  activesupport (4.1.0) lib/active_support/tagged_logging.rb:68:in `tagged'
  railties (4.1.0) lib/rails/rack/logger.rb:20:in `call'
  actionpack (4.1.0) lib/action_dispatch/middleware/request_id.rb:21:in `call'
  rack (1.5.2) lib/rack/methodoverride.rb:21:in `call'
  rack (1.5.2) lib/rack/runtime.rb:17:in `call'
  activesupport (4.1.0) lib/active_support/cache/strategy/local_cache_middleware.rb:26:in `call'
  rack (1.5.2) lib/rack/lock.rb:17:in `call'
  actionpack (4.1.0) lib/action_dispatch/middleware/static.rb:64:in `call'
  rack (1.5.2) lib/rack/sendfile.rb:112:in `call'
  railties (4.1.0) lib/rails/engine.rb:514:in `call'
  railties (4.1.0) lib/rails/application.rb:144:in `call'
  rack (1.5.2) lib/rack/lock.rb:17:in `call'
  rack (1.5.2) lib/rack/content_length.rb:14:in `call'
  rack (1.5.2) lib/rack/handler/webrick.rb:60:in `service'
  /Users/schoi/.rvm/rubies/ruby-2.1.2/lib/ruby/2.1.0/webrick/httpserver.rb:138:in `service'
  /Users/schoi/.rvm/rubies/ruby-2.1.2/lib/ruby/2.1.0/webrick/httpserver.rb:94:in `run'
  /Users/schoi/.rvm/rubies/ruby-2.1.2/lib/ruby/2.1.0/webrick/server.rb:295:in `block in start_thread'


  Rendered /Users/schoi/.rvm/gems/ruby-2.1.2/gems/actionpack-4.1.0/lib/action_dispatch/middleware/templates/rescues/_source.erb (0.4ms)
  Rendered /Users/schoi/.rvm/gems/ruby-2.1.2/gems/actionpack-4.1.0/lib/action_dispatch/middleware/templates/rescues/_trace.html.erb (0.9ms)
  Rendered /Users/schoi/.rvm/gems/ruby-2.1.2/gems/actionpack-4.1.0/lib/action_dispatch/middleware/templates/rescues/_request_and_response.html.erb (0.7ms)
  Rendered /Users/schoi/.rvm/gems/ruby-2.1.2/gems/actionpack-4.1.0/lib/action_dispatch/middleware/templates/rescues/diagnostics.erb within rescues/layout (15.2ms)
  [1m[36m (25.4ms)[0m  [1mCREATE TABLE `schema_migrations` (`version` varchar(255) NOT NULL) ENGINE=InnoDB[0m
  [1m[35m (16.4ms)[0m  CREATE UNIQUE INDEX `unique_schema_migrations`  ON `schema_migrations` (`version`) 
  [1m[36mActiveRecord::SchemaMigration Load (0.9ms)[0m  [1mSELECT `schema_migrations`.* FROM `schema_migrations`[0m
Migrating to CreateSongs (20140908225748)
  [1m[35m (30.2ms)[0m  CREATE TABLE `songs` (`id` int(11) auto_increment PRIMARY KEY, `song_id` int(11), `name` varchar(255), `code` varchar(255), `created_at` datetime, `updated_at` datetime) ENGINE=InnoDB
  [1m[36m (0.4ms)[0m  [1mBEGIN[0m
  [1m[35mSQL (0.2ms)[0m  INSERT INTO `schema_migrations` (`version`) VALUES ('20140908225748')
  [1m[36m (5.5ms)[0m  [1mCOMMIT[0m
  [1m[35mActiveRecord::SchemaMigration Load (0.1ms)[0m  SELECT `schema_migrations`.* FROM `schema_migrations`


Started GET "/song" for 127.0.0.1 at 2014-09-08 15:58:22 -0700
  [1m[36mActiveRecord::SchemaMigration Load (0.1ms)[0m  [1mSELECT `schema_migrations`.* FROM `schema_migrations`[0m

ActionController::RoutingError (No route matches [GET] "/song"):
  actionpack (4.1.0) lib/action_dispatch/middleware/debug_exceptions.rb:21:in `call'
  actionpack (4.1.0) lib/action_dispatch/middleware/show_exceptions.rb:30:in `call'
  railties (4.1.0) lib/rails/rack/logger.rb:38:in `call_app'
  railties (4.1.0) lib/rails/rack/logger.rb:20:in `block in call'
  activesupport (4.1.0) lib/active_support/tagged_logging.rb:68:in `block in tagged'
  activesupport (4.1.0) lib/active_support/tagged_logging.rb:26:in `tagged'
  activesupport (4.1.0) lib/active_support/tagged_logging.rb:68:in `tagged'
  railties (4.1.0) lib/rails/rack/logger.rb:20:in `call'
  actionpack (4.1.0) lib/action_dispatch/middleware/request_id.rb:21:in `call'
  rack (1.5.2) lib/rack/methodoverride.rb:21:in `call'
  rack (1.5.2) lib/rack/runtime.rb:17:in `call'
  activesupport (4.1.0) lib/active_support/cache/strategy/local_cache_middleware.rb:26:in `call'
  rack (1.5.2) lib/rack/lock.rb:17:in `call'
  actionpack (4.1.0) lib/action_dispatch/middleware/static.rb:64:in `call'
  rack (1.5.2) lib/rack/sendfile.rb:112:in `call'
  railties (4.1.0) lib/rails/engine.rb:514:in `call'
  railties (4.1.0) lib/rails/application.rb:144:in `call'
  rack (1.5.2) lib/rack/lock.rb:17:in `call'
  rack (1.5.2) lib/rack/content_length.rb:14:in `call'
  rack (1.5.2) lib/rack/handler/webrick.rb:60:in `service'
  /Users/schoi/.rvm/rubies/ruby-2.1.2/lib/ruby/2.1.0/webrick/httpserver.rb:138:in `service'
  /Users/schoi/.rvm/rubies/ruby-2.1.2/lib/ruby/2.1.0/webrick/httpserver.rb:94:in `run'
  /Users/schoi/.rvm/rubies/ruby-2.1.2/lib/ruby/2.1.0/webrick/server.rb:295:in `block in start_thread'


  Rendered /Users/schoi/.rvm/gems/ruby-2.1.2/gems/actionpack-4.1.0/lib/action_dispatch/middleware/templates/rescues/_trace.html.erb (0.7ms)
  Rendered /Users/schoi/.rvm/gems/ruby-2.1.2/gems/actionpack-4.1.0/lib/action_dispatch/middleware/templates/routes/_route.html.erb (0.8ms)
  Rendered /Users/schoi/.rvm/gems/ruby-2.1.2/gems/actionpack-4.1.0/lib/action_dispatch/middleware/templates/routes/_table.html.erb (5.9ms)
  Rendered /Users/schoi/.rvm/gems/ruby-2.1.2/gems/actionpack-4.1.0/lib/action_dispatch/middleware/templates/rescues/routing_error.html.erb within rescues/layout (22.1ms)


Started GET "/songs" for 127.0.0.1 at 2014-09-08 15:58:30 -0700
Processing by SongsController#index as HTML
  [1m[35mSong Load (0.2ms)[0m  SELECT `songs`.* FROM `songs`
  Rendered songs/index.html.erb within layouts/application (1.2ms)
Completed 200 OK in 417ms (Views: 408.8ms | ActiveRecord: 0.2ms)


Started GET "/assets/songs.css?body=1" for 127.0.0.1 at 2014-09-08 15:58:31 -0700


Started GET "/assets/scaffolds.css?body=1" for 127.0.0.1 at 2014-09-08 15:58:31 -0700


Started GET "/assets/application.css?body=1" for 127.0.0.1 at 2014-09-08 15:58:31 -0700


Started GET "/assets/jquery_ujs.js?body=1" for 127.0.0.1 at 2014-09-08 15:58:31 -0700


Started GET "/assets/jquery.js?body=1" for 127.0.0.1 at 2014-09-08 15:58:31 -0700


Started GET "/assets/turbolinks.js?body=1" for 127.0.0.1 at 2014-09-08 15:58:31 -0700


Started GET "/assets/songs.js?body=1" for 127.0.0.1 at 2014-09-08 15:58:31 -0700


Started GET "/assets/application.js?body=1" for 127.0.0.1 at 2014-09-08 15:58:31 -0700
